************** Start Log For Day : '2022-05-01 06:35:17am' of file **********
MySQLi Database Connected successfully!
************** END Log For Day : '2022-05-01 06:35:17am'**********
************** Start Log For Day : '' of file **********

************** END Log For Day : ''**********
************** Start Log For Day : '' of file **********

************** END Log For Day : ''**********
************** Start Log For Day : '' of file **********
************** Start Log For Day : '' of file **********
MySQLi Database Connected successfully!
************** END Log For Day : ''**********
************** Start Log For Day : '' of file **********
MySQLi Database Connected successfully!
************** END Log For Day : ''**********
************** Start Log For Day : '' of file **********
MySQLi Database Connected successfully!
************** END Log For Day : ''**********
************** Start Log For Day : '' of file **********
MySQLi Database Connected successfully!
************** END Log For Day : ''**********
************** Start Log For Day : '' of file **********
MySQLi Database Connected successfully!
************** END Log For Day : ''**********
************** Start Log For Day : '' of file **********
MySQLi Database Connected successfully!
************** END Log For Day : ''**********
************** Start Log For Day : '' of file **********
MySQLi Database Connected successfully!
************** END Log For Day : ''**********
************** Start Log For Day : '' of file **********

************** END Log For Day : ''**********
************** Start Log For Day : '' of file **********
MySQLi Database Connected successfully!
************** END Log For Day : ''**********
************** Start Log For Day : '' of file **********
MySQLi Database Connected successfully!
************** END Log For Day : ''**********
************** Start Log For Day : '' of file **********
MySQLi Database Connected successfully!
************** END Log For Day : ''**********
************** Start Log For Day : '' of file **********
MySQLi Database Connected successfully!
************** END Log For Day : ''**********
************** Start Log For Day : '' of file **********
MySQLi Database Connected successfully!
************** END Log For Day : ''**********
