************** Start Log For Day : '2022-05-10 09:41:27am' of file **********
MySQLi Database Connected successfully!
************** END Log For Day : '2022-05-10 09:41:27am'**********
************** Start Log For Day : '' of file **********
MySQLi Database Connected successfully!
************** END Log For Day : ''**********
************** Start Log For Day : '' of file **********
MySQLi Database Connected successfully!
************** END Log For Day : ''**********
************** Start Log For Day : '' of file **********
MySQLi Database Connected successfully!
************** END Log For Day : ''**********
************** Start Log For Day : '2022-05-10 03:14:06pm' of file **********
MySQLi Database Connected successfully!
************** END Log For Day : '2022-05-10 03:14:06pm'**********
************** Start Log For Day : '2022-05-10 03:14:30pm' of file **********
MySQLi Database Connected successfully!
************** END Log For Day : '2022-05-10 03:14:30pm'**********
************** Start Log For Day : '2022-05-10 03:39:23pm' of file **********
MySQLi Database Connected successfully!
************** END Log For Day : '2022-05-10 03:39:23pm'**********
************** Start Log For Day : '2022-05-10 03:40:14pm' of file **********
MySQLi Database Connected successfully!
************** END Log For Day : '2022-05-10 03:40:14pm'**********
************** Start Log For Day : '2022-05-10 03:41:57pm' of file **********
MySQLi Database Connected successfully!
************** END Log For Day : '2022-05-10 03:41:57pm'**********
************** Start Log For Day : '2022-05-10 03:42:09pm' of file **********
MySQLi Database Connected successfully!
************** END Log For Day : '2022-05-10 03:42:09pm'**********
************** Start Log For Day : '2022-05-10 03:42:20pm' of file **********
MySQLi Database Connected successfully!
************** END Log For Day : '2022-05-10 03:42:20pm'**********
************** Start Log For Day : '2022-05-10 03:42:24pm' of file **********
MySQLi Database Connected successfully!
************** END Log For Day : '2022-05-10 03:42:24pm'**********
************** Start Log For Day : '2022-05-10 03:42:30pm' of file **********
MySQLi Database Connected successfully!
************** END Log For Day : '2022-05-10 03:42:30pm'**********
************** Start Log For Day : '2022-05-10 03:43:01pm' of file **********
MySQLi Database Connected successfully!
************** END Log For Day : '2022-05-10 03:43:01pm'**********
************** Start Log For Day : '2022-05-10 03:43:22pm' of file **********
MySQLi Database Connected successfully!
************** END Log For Day : '2022-05-10 03:43:22pm'**********
************** Start Log For Day : '2022-05-10 04:09:56pm' of file **********
MySQLi Database Connected successfully!
************** END Log For Day : '2022-05-10 04:09:56pm'**********
************** Start Log For Day : '2022-05-10 04:10:09pm' of file **********
MySQLi Database Connected successfully!
************** END Log For Day : '2022-05-10 04:10:09pm'**********
************** Start Log For Day : '2022-05-10 04:10:28pm' of file **********
MySQLi Database Connected successfully!
************** END Log For Day : '2022-05-10 04:10:28pm'**********
************** Start Log For Day : '2022-05-10 04:18:59pm' of file **********
MySQLi Database Connected successfully!
************** END Log For Day : '2022-05-10 04:18:59pm'**********
************** Start Log For Day : '2022-05-10 04:19:04pm' of file **********
MySQLi Database Connected successfully!
************** END Log For Day : '2022-05-10 04:19:04pm'**********
************** Start Log For Day : '2022-05-10 04:19:12pm' of file **********
MySQLi Database Connected successfully!
************** END Log For Day : '2022-05-10 04:19:12pm'**********
************** Start Log For Day : '2022-05-10 04:21:02pm' of file **********
MySQLi Database Connected successfully!
************** END Log For Day : '2022-05-10 04:21:02pm'**********
************** Start Log For Day : '2022-05-10 04:22:23pm' of file **********
MySQLi Database Connected successfully!
************** END Log For Day : '2022-05-10 04:22:23pm'**********
************** Start Log For Day : '2022-05-10 04:22:51pm' of file **********
MySQLi Database Connected successfully!
************** END Log For Day : '2022-05-10 04:22:51pm'**********
************** Start Log For Day : '2022-05-10 04:23:00pm' of file **********
MySQLi Database Connected successfully!
************** END Log For Day : '2022-05-10 04:23:00pm'**********
************** Start Log For Day : '2022-05-10 04:28:35pm' of file **********
MySQLi Database Connected successfully!
************** END Log For Day : '2022-05-10 04:28:35pm'**********
************** Start Log For Day : '2022-05-10 04:28:47pm' of file **********
MySQLi Database Connected successfully!
************** END Log For Day : '2022-05-10 04:28:47pm'**********
************** Start Log For Day : '2022-05-10 04:29:06pm' of file **********
MySQLi Database Connected successfully!
************** END Log For Day : '2022-05-10 04:29:06pm'**********
************** Start Log For Day : '2022-05-10 04:29:28pm' of file **********
MySQLi Database Connected successfully!
************** END Log For Day : '2022-05-10 04:29:28pm'**********
